info it worked if it ends with ok
verbose cli [ 'node', '/usr/local/bin/npm', 'test', 'config' ]
info using npm@1.0.22
info using node@v0.4.11-pre
verbose config file /home/versi/.npmrc
verbose config file /usr/local/etc/npmrc
silly testEngine { name: 'config',
silly testEngine   version: '0.4.4',
silly testEngine   main: './lib/config.js',
silly testEngine   description: 'Configuration control for production node deployments',
silly testEngine   author: 
silly testEngine    { name: 'Loren West',
silly testEngine      email: 'open_source@lorenwest.com' },
silly testEngine   directories: { lib: './lib', config: './config', test: './test' },
silly testEngine   dependencies: { yaml: '0.1.x', vows: '0.5.x' },
silly testEngine   engines: { node: '>0.4.x' },
silly testEngine   scripts: { test: './node_modules/vows/bin/vows test/*.js --spec' },
silly testEngine   _npmJsonOpts: 
silly testEngine    { file: '/work/work/varnalab/is_it_hot/node_modules/config/package.json',
silly testEngine      wscript: false,
silly testEngine      contributors: false,
silly testEngine      serverjs: false },
silly testEngine   _id: 'config@0.4.4',
silly testEngine   devDependencies: {},
silly testEngine   _engineSupported: true,
silly testEngine   _npmVersion: '1.0.22',
silly testEngine   _nodeVersion: 'v0.4.11-pre',
silly testEngine   _defaultsLoaded: true }
verbose caching /work/work/varnalab/is_it_hot/node_modules/config/package.json
verbose loadDefaults config@0.4.4
verbose run-script [ 'pretest', 'test', 'posttest' ]
info pretest config@0.4.4
info test config@0.4.4
verbose unsafe-perm in lifecycle true
silly exec sh "-c" "./node_modules/vows/bin/vows test/*.js --spec"
info config@0.4.4 Failed to exec test script
ERR! config@0.4.4 test: `./node_modules/vows/bin/vows test/*.js --spec`
ERR! `sh "-c" "./node_modules/vows/bin/vows test/*.js --spec"` failed with 126
ERR! 
ERR! Failed at the config@0.4.4 test script.
ERR! This is most likely a problem with the config package,
ERR! not with npm itself.
ERR! Tell the author that this fails on your system:
ERR!     ./node_modules/vows/bin/vows test/*.js --spec
ERR! You can get their info via:
ERR!     npm owner ls config
ERR! There is likely additional logging output above.
ERR! 
ERR! System Linux 3.0.0-12-generic
ERR! command "node" "/usr/local/bin/npm" "test" "config"
ERR! cwd /work/work/varnalab/is_it_hot
ERR! node -v v0.4.11-pre
ERR! npm -v 1.0.22
verbose exit [ 1, true ]
